<?xml version="1.0" encoding="UTF-8"?>
<testng-results ignored="0" total="1" passed="1" failed="0" skipped="0">
  <reporter-output>
  </reporter-output>
  <suite started-at="2022-09-16T17:17:18 IST" name="Default suite" finished-at="2022-09-16T17:19:45 IST" duration-ms="146673">
    <groups>
    </groups>
    <test started-at="2022-09-16T17:17:18 IST" name="Default test" finished-at="2022-09-16T17:19:45 IST" duration-ms="146673">
      <class name="testScripts.createCard">
        <test-method is-config="true" signature="bMethod()[pri:0, instance:testScripts.createCard@17497425]" started-at="2022-09-16T17:17:18 IST" name="bMethod" finished-at="2022-09-16T17:17:22 IST" duration-ms="3569" status="PASS">
          <reporter-output>
          </reporter-output>
        </test-method> <!-- bMethod -->
        <test-method signature="test()[pri:0, instance:testScripts.createCard@17497425]" started-at="2022-09-16T17:17:22 IST" name="test" finished-at="2022-09-16T17:19:45 IST" duration-ms="143066" status="PASS">
          <reporter-output>
          </reporter-output>
        </test-method> <!-- test -->
        <test-method is-config="true" signature="aMethod()[pri:0, instance:testScripts.createCard@17497425]" started-at="2022-09-16T17:19:45 IST" name="aMethod" finished-at="2022-09-16T17:19:45 IST" duration-ms="0" status="PASS">
          <reporter-output>
          </reporter-output>
        </test-method> <!-- aMethod -->
      </class> <!-- testScripts.createCard -->
    </test> <!-- Default test -->
  </suite> <!-- Default suite -->
</testng-results>
