<?xml version="1.0" encoding="UTF-8"?>
<testng-results ignored="0" total="1" passed="1" failed="0" skipped="0">
  <reporter-output>
  </reporter-output>
  <suite started-at="2022-07-12T15:26:44 IST" name="Default suite" finished-at="2022-07-12T15:27:29 IST" duration-ms="44891">
    <groups>
    </groups>
    <test started-at="2022-07-12T15:26:44 IST" name="Default test" finished-at="2022-07-12T15:27:29 IST" duration-ms="44891">
      <class name="testScripts.TC1">
        <test-method is-config="true" signature="bMethod()[pri:0, instance:testScripts.TC1@d5b810e]" started-at="2022-07-12T15:26:44 IST" name="bMethod" finished-at="2022-07-12T15:26:47 IST" duration-ms="2763" status="PASS">
          <reporter-output>
          </reporter-output>
        </test-method> <!-- bMethod -->
        <test-method signature="test()[pri:0, instance:testScripts.TC1@d5b810e]" started-at="2022-07-12T15:26:47 IST" name="test" finished-at="2022-07-12T15:27:29 IST" duration-ms="42100" status="PASS">
          <reporter-output>
          </reporter-output>
        </test-method> <!-- test -->
        <test-method is-config="true" signature="aMethod()[pri:0, instance:testScripts.TC1@d5b810e]" started-at="2022-07-12T15:27:29 IST" name="aMethod" finished-at="2022-07-12T15:27:29 IST" duration-ms="0" status="PASS">
          <reporter-output>
          </reporter-output>
        </test-method> <!-- aMethod -->
      </class> <!-- testScripts.TC1 -->
    </test> <!-- Default test -->
  </suite> <!-- Default suite -->
</testng-results>
